<?xml version="1.0" encoding="utf-8"?><testsuites name="pytest tests"><testsuite name="pytest" errors="0" failures="2" skipped="0" tests="8" time="1.212" timestamp="2026-02-28T08:14:01.526888+05:30" hostname="Manju-PC"><testcase classname="tests.test_allocation_persistence" name="test_save_monthly_allocation_idempotency" time="0.087" /><testcase classname="tests.test_allocation_persistence" name="test_save_portfolio_metrics_idempotency" time="0.005"><failure message="assert True is False">monkeypatch = &lt;_pytest.monkeypatch.MonkeyPatch object at 0x000001FAFB2962C0&gt;

    def test_save_portfolio_metrics_idempotency(monkeypatch):
        monkeypatch.setattr(ap, "get_db_context", MockDBContext)
    
        rebalance_date = date(2023, 2, 28)
        metrics = {"CAGR": 0.1, "Volatility": 0.2, "Sharpe": 0.5}
    
        # Run 1
        success = ap.save_portfolio_metrics("test_port", rebalance_date, metrics)
        assert success is True
    
        # Run 2
        success = ap.save_portfolio_metrics("test_port", rebalance_date, metrics)
&gt;       assert success is False
E       assert True is False

tests\test_allocation_persistence.py:64: AssertionError</failure></testcase><testcase classname="tests.test_covariance_estimator" name="test_covariance_estimator_empty_df" time="0.021"><failure message="assert (1, 0) == (0, 0)&#10;  &#10;  At index 0 diff: #x1B[0m#x1B[94m1#x1B[39;49;00m#x1B[90m#x1B[39;49;00m != #x1B[0m#x1B[94m0#x1B[39;49;00m#x1B[90m#x1B[39;49;00m&#10;  Use -v to get more diff">def test_covariance_estimator_empty_df():
        df = pd.DataFrame()
        res = robust_covariance_matrix(df, log_diagnostics=False)
&gt;       assert res["matrix"].shape == (0, 0)
E       assert (1, 0) == (0, 0)
E         
E         At index 0 diff: #x1B[0m#x1B[94m1#x1B[39;49;00m#x1B[90m#x1B[39;49;00m != #x1B[0m#x1B[94m0#x1B[39;49;00m#x1B[90m#x1B[39;49;00m
E         Use -v to get more diff

tests\test_covariance_estimator.py:10: AssertionError</failure></testcase><testcase classname="tests.test_covariance_estimator" name="test_covariance_estimator_single_asset" time="0.002" /><testcase classname="tests.test_covariance_estimator" name="test_covariance_estimator_all_nans" time="0.002" /><testcase classname="tests.test_covariance_estimator" name="test_covariance_estimator_perfect_multicollinearity_needs_jitter" time="0.002" /><testcase classname="tests.test_covariance_estimator" name="test_covariance_estimator_manual_method" time="0.002" /><testcase classname="tests.test_covariance_estimator" name="test_ensure_positive_definite" time="0.001" /></testsuite></testsuites>